# //  Questa Sim
# //  Version 10.1d win32 Nov  1 2012
# //
# //  Copyright 1991-2012 Mentor Graphics Corporation
# //  All Rights Reserved.
# //
# //  THIS WORK CONTAINS TRADE SECRET AND PROPRIETARY INFORMATION
# //  WHICH IS THE PROPERTY OF MENTOR GRAPHICS CORPORATION OR ITS
# //  LICENSORS AND IS SUBJECT TO LICENSE TERMS.
# //
# vsim +define+UVM_NO_DPI -do { run 100} -l mem_log.log -voptargs=+acc top 
# Loading sv_std.std
# Loading work.uvm_pkg(fast)
# Loading work.mem_pkg(fast)
# ** Note: (vsim-8785) UVM-aware debugging capabilities will be disabled since no compiled "questa_uvm_pkg" can be found.
# 
# This also means that later if you turn on UVM-aware debugging your debug simulations may have
# 
# different random seeds from your non-debug simulations.
# 
# Loading work.top(fast)
# Loading work.mem_interface(fast)
# Loading work.memory(fast)
#  run 100 
# ----------------------------------------------------------------
# UVM-1.1c
# (C) 2007-2012 Mentor Graphics Corporation
# (C) 2007-2012 Cadence Design Systems, Inc.
# (C) 2006-2012 Synopsys, Inc.
# (C) 2011-2012 Cypress Semiconductor Corp.
# ----------------------------------------------------------------
# 
#   ***********       IMPORTANT RELEASE NOTES         ************
# 
#   You are using a version of the UVM library that has been compiled
#   with `UVM_NO_DEPRECATED undefined.
#   See http://www.eda.org/svdb/view.php?id=3313 for more details.
# 
#   You are using a version of the UVM library that has been compiled
#   with `UVM_OBJECT_MUST_HAVE_CONSTRUCTOR undefined.
#   See http://www.eda.org/svdb/view.php?id=3770 for more details.
# 
#       (Specify +UVM_NO_RELNOTES to turn off this notice)
# 
# UVM_INFO @ 0: reporter [RNTST] Running test mem_test...
# UVM_INFO mem_out_monitor.sv(44) @ 15: uvm_test_top.mem_environment_handle.agent_mon_handle.mem_out_monitor_handle [Driver_monitor] READY: 1, RDATA: 0
# UVM_INFO mem_out_monitor.sv(44) @ 25: uvm_test_top.mem_environment_handle.agent_mon_handle.mem_out_monitor_handle [Driver_monitor] READY: 1, RDATA: 0
# UVM_ERROR @ 25: uvm_test_top.mem_environment_handle.agent_drv_mon_handle.mem_sequencer [uvm_test_top.mem_environment_handle.agent_drv_mon_handle.mem_sequencer] Get_next_item called twice without item_done or get in between
# UVM_INFO mem_out_monitor.sv(44) @ 35: uvm_test_top.mem_environment_handle.agent_mon_handle.mem_out_monitor_handle [Driver_monitor] READY: 0, RDATA: 22136
# UVM_INFO mem_driver_monitor.sv(54) @ 35: uvm_test_top.mem_environment_handle.agent_drv_mon_handle.mem_driver_monitor_handle [Driver_monitor] WR_RDbar: 0, ADDR: 254, WDATA: 0
# UVM_INFO mem_scoreboard.sv(81) @ 35: uvm_test_top.mem_environment_handle.mem_scoreboard_handle [Scoreboard] Output doesn't matches correctly
# UVM_INFO mem_scoreboard.sv(82) @ 35: uvm_test_top.mem_environment_handle.mem_scoreboard_handle [Scoreboard] Received FROM MONITOR:ADDR: 254, RDATA: 0
# UVM_INFO mem_scoreboard.sv(83) @ 35: uvm_test_top.mem_environment_handle.mem_scoreboard_handle [Scoreboard] Expected FROM MONITOR:ADDR: 254, RDATA: 22136
# UVM_INFO mem_out_monitor.sv(44) @ 45: uvm_test_top.mem_environment_handle.agent_mon_handle.mem_out_monitor_handle [Driver_monitor] READY: 1, RDATA: 22136
# UVM_INFO mem_out_monitor.sv(44) @ 55: uvm_test_top.mem_environment_handle.agent_mon_handle.mem_out_monitor_handle [Driver_monitor] READY: 1, RDATA: 22136
# UVM_ERROR @ 55: uvm_test_top.mem_environment_handle.agent_drv_mon_handle.mem_sequencer [uvm_test_top.mem_environment_handle.agent_drv_mon_handle.mem_sequencer] Get_next_item called twice without item_done or get in between
# UVM_INFO mem_out_monitor.sv(44) @ 65: uvm_test_top.mem_environment_handle.agent_mon_handle.mem_out_monitor_handle [Driver_monitor] READY: 1, RDATA: 22136
# UVM_INFO mem_driver_monitor.sv(54) @ 65: uvm_test_top.mem_environment_handle.agent_drv_mon_handle.mem_driver_monitor_handle [Driver_monitor] WR_RDbar: 0, ADDR: 254, WDATA: 0
# UVM_INFO mem_scoreboard.sv(81) @ 65: uvm_test_top.mem_environment_handle.mem_scoreboard_handle [Scoreboard] Output doesn't matches correctly
# UVM_INFO mem_scoreboard.sv(82) @ 65: uvm_test_top.mem_environment_handle.mem_scoreboard_handle [Scoreboard] Received FROM MONITOR:ADDR: 254, RDATA: 0
# UVM_INFO mem_scoreboard.sv(83) @ 65: uvm_test_top.mem_environment_handle.mem_scoreboard_handle [Scoreboard] Expected FROM MONITOR:ADDR: 254, RDATA: 22136
# UVM_INFO mem_out_monitor.sv(44) @ 75: uvm_test_top.mem_environment_handle.agent_mon_handle.mem_out_monitor_handle [Driver_monitor] READY: 1, RDATA: 22136
# UVM_INFO mem_out_monitor.sv(44) @ 85: uvm_test_top.mem_environment_handle.agent_mon_handle.mem_out_monitor_handle [Driver_monitor] READY: 1, RDATA: 22136
# UVM_ERROR @ 85: uvm_test_top.mem_environment_handle.agent_drv_mon_handle.mem_sequencer [uvm_test_top.mem_environment_handle.agent_drv_mon_handle.mem_sequencer] Get_next_item called twice without item_done or get in between
# UVM_INFO mem_driver_monitor.sv(54) @ 95: uvm_test_top.mem_environment_handle.agent_drv_mon_handle.mem_driver_monitor_handle [Driver_monitor] WR_RDbar: 0, ADDR: 254, WDATA: 0
# UVM_INFO mem_out_monitor.sv(44) @ 95: uvm_test_top.mem_environment_handle.agent_mon_handle.mem_out_monitor_handle [Driver_monitor] READY: 1, RDATA: 22136
# UVM_INFO mem_scoreboard.sv(76) @ 95: uvm_test_top.mem_environment_handle.mem_scoreboard_handle [Scoreboard] Output matches correctly
# UVM_INFO mem_scoreboard.sv(77) @ 95: uvm_test_top.mem_environment_handle.mem_scoreboard_handle [Scoreboard] ADDR: 254, RDATA: 22136
run -continue
